<?xml version="1.0" encoding="UTF-8"?>
<!-- Generated by org.testng.reporters.JUnitXMLReporter -->
<testsuite ignored="1" hostname="Naman" failures="0" tests="2" name="Default test" time="20.631" errors="0" timestamp="2024-06-19T16:54:31 IST">
  <testcase classname="com.tests.SubmitOrderTest" name="submitOrder" time="3.424"/>
  <testcase classname="com.tests.SubmitOrderTest" name="submitOrder" time="3.4"/>
  <testcase classname="com.tests.SubmitOrderTest" name="OrderHistoryTest" time="0.0">
    <ignored/>
  </testcase> <!-- OrderHistoryTest -->
</testsuite> <!-- Default test -->
