<?xml version="1.0" encoding="UTF-8"?>
<!-- Generated by org.testng.reporters.JUnitXMLReporter -->
<testsuite ignored="1" hostname="Naman" failures="0" tests="1" name="Default test" time="7.365" errors="0" timestamp="2024-06-21T19:48:06 IST">
  <testcase classname="com.tests.ErrorValidationsTest" name="LoginErrorValidation" time="1.107"/>
  <testcase classname="com.tests.ErrorValidationsTest" name="ProductErrorValidation" time="0.0">
    <ignored/>
  </testcase> <!-- ProductErrorValidation -->
</testsuite> <!-- Default test -->
