<?xml version="1.0" encoding="UTF-8"?>
<testng-results ignored="0" total="2" passed="2" failed="0" skipped="0">
  <reporter-output>
  </reporter-output>
  <suite started-at="2024-06-21T20:01:55 IST" name="Suite" finished-at="2024-06-21T20:02:11 IST" duration-ms="15840">
    <groups>
      <group name="Purchase">
        <method signature="SubmitOrderTest.submitOrder(java.util.HashMap)[pri:0, instance:com.tests.SubmitOrderTest@7f0eb4b4]" name="submitOrder" class="com.tests.SubmitOrderTest"/>
      </group> <!-- Purchase -->
    </groups>
    <test started-at="2024-06-21T20:01:55 IST" name="Error Validations Test" finished-at="2024-06-21T20:01:55 IST" duration-ms="10">
    </test> <!-- Error Validations Test -->
    <test started-at="2024-06-21T20:01:55 IST" name="Submit Order Test" finished-at="2024-06-21T20:02:11 IST" duration-ms="15840">
      <class name="com.tests.SubmitOrderTest">
        <test-method is-config="true" signature="launchApplication()[pri:0, instance:com.tests.SubmitOrderTest@7f0eb4b4]" started-at="2024-06-21T20:01:55 IST" name="launchApplication" finished-at="2024-06-21T20:02:00 IST" duration-ms="5107" status="PASS">
          <reporter-output>
          </reporter-output>
        </test-method> <!-- launchApplication -->
        <test-method signature="submitOrder(java.util.HashMap)[pri:0, instance:com.tests.SubmitOrderTest@7f0eb4b4]" started-at="2024-06-21T20:02:00 IST" name="submitOrder" data-provider="getData" finished-at="2024-06-21T20:02:03 IST" duration-ms="3071" status="PASS">
          <params>
            <param index="0">
              <value>
                <![CDATA[{password=Lynnmathew123@, product=ZARA COAT 3, email=namanmehra@gmail.com}]]>
              </value>
            </param>
          </params>
          <reporter-output>
          </reporter-output>
        </test-method> <!-- submitOrder -->
        <test-method is-config="true" signature="tearDown()[pri:0, instance:com.tests.SubmitOrderTest@7f0eb4b4]" started-at="2024-06-21T20:02:03 IST" name="tearDown" finished-at="2024-06-21T20:02:04 IST" duration-ms="150" status="PASS">
          <reporter-output>
          </reporter-output>
        </test-method> <!-- tearDown -->
        <test-method is-config="true" signature="launchApplication()[pri:0, instance:com.tests.SubmitOrderTest@7f0eb4b4]" started-at="2024-06-21T20:02:04 IST" name="launchApplication" finished-at="2024-06-21T20:02:08 IST" duration-ms="4197" status="PASS">
          <reporter-output>
          </reporter-output>
        </test-method> <!-- launchApplication -->
        <test-method signature="submitOrder(java.util.HashMap)[pri:0, instance:com.tests.SubmitOrderTest@7f0eb4b4]" started-at="2024-06-21T20:02:08 IST" name="submitOrder" data-provider="getData" finished-at="2024-06-21T20:02:11 IST" duration-ms="2937" status="PASS">
          <params>
            <param index="0">
              <value>
                <![CDATA[{password=Lynnmathew123@, product=ADIDAS ORIGINAL, email=vishumehra@gmail.com}]]>
              </value>
            </param>
          </params>
          <reporter-output>
          </reporter-output>
        </test-method> <!-- submitOrder -->
        <test-method is-config="true" signature="tearDown()[pri:0, instance:com.tests.SubmitOrderTest@7f0eb4b4]" started-at="2024-06-21T20:02:11 IST" name="tearDown" finished-at="2024-06-21T20:02:11 IST" duration-ms="124" status="PASS">
          <reporter-output>
          </reporter-output>
        </test-method> <!-- tearDown -->
      </class> <!-- com.tests.SubmitOrderTest -->
    </test> <!-- Submit Order Test -->
  </suite> <!-- Suite -->
</testng-results>
