<?xml version="1.0" encoding="UTF-8"?>
<!-- Generated by org.testng.reporters.JUnitXMLReporter -->
<testsuite ignored="1" hostname="Naman" failures="0" tests="1" name="Error Validations Test" time="10.193" errors="0" timestamp="2024-06-20T01:20:29 IST">
  <testcase classname="com.tests.ErrorValidationsTest" name="LoginErrorValidation" time="0.501"/>
  <testcase classname="com.tests.ErrorValidationsTest" name="ProductErrorValidation" time="0.0">
    <ignored/>
  </testcase> <!-- ProductErrorValidation -->
</testsuite> <!-- Error Validations Test -->
