<?xml version="1.0" encoding="UTF-8"?>
<!-- Generated by org.testng.reporters.JUnitXMLReporter -->
<testsuite ignored="0" hostname="Naman" failures="0" tests="3" name="Submit Order Test" time="27.305" errors="0" timestamp="2024-06-19T19:46:43 IST">
  <testcase classname="com.tests.SubmitOrderTest" name="submitOrder" time="3.485"/>
  <testcase classname="com.tests.SubmitOrderTest" name="submitOrder" time="3.358"/>
  <testcase classname="com.tests.SubmitOrderTest" name="OrderHistoryTest" time="0.64"/>
</testsuite> <!-- Submit Order Test -->
