<?xml version="1.0" encoding="UTF-8"?>
<testng-results ignored="0" total="1" passed="1" failed="0" skipped="0">
  <reporter-output>
  </reporter-output>
  <suite started-at="2024-06-21T19:47:59 IST" name="Default suite" finished-at="2024-06-21T19:48:06 IST" duration-ms="7365">
    <groups>
      <group name="ErrorHandling">
        <method signature="ErrorValidationsTest.LoginErrorValidation()[pri:0, instance:com.tests.ErrorValidationsTest@385c9627]" name="LoginErrorValidation" class="com.tests.ErrorValidationsTest"/>
      </group> <!-- ErrorHandling -->
    </groups>
    <test started-at="2024-06-21T19:47:59 IST" name="Default test" finished-at="2024-06-21T19:48:06 IST" duration-ms="7365">
      <class name="com.tests.ErrorValidationsTest">
        <test-method is-config="true" signature="launchApplication()[pri:0, instance:com.tests.ErrorValidationsTest@385c9627]" started-at="2024-06-21T19:47:59 IST" name="launchApplication" finished-at="2024-06-21T19:48:05 IST" duration-ms="6008" status="PASS">
          <reporter-output>
          </reporter-output>
        </test-method> <!-- launchApplication -->
        <test-method signature="LoginErrorValidation()[pri:0, instance:com.tests.ErrorValidationsTest@385c9627]" started-at="2024-06-21T19:48:05 IST" name="LoginErrorValidation" finished-at="2024-06-21T19:48:06 IST" duration-ms="1107" status="PASS">
          <reporter-output>
          </reporter-output>
        </test-method> <!-- LoginErrorValidation -->
        <test-method is-config="true" signature="tearDown()[pri:0, instance:com.tests.ErrorValidationsTest@385c9627]" started-at="2024-06-21T19:48:06 IST" name="tearDown" finished-at="2024-06-21T19:48:06 IST" duration-ms="202" status="PASS">
          <reporter-output>
          </reporter-output>
        </test-method> <!-- tearDown -->
      </class> <!-- com.tests.ErrorValidationsTest -->
    </test> <!-- Default test -->
  </suite> <!-- Default suite -->
</testng-results>
