<?xml version="1.0" encoding="UTF-8"?>
<testng-results ignored="0" total="5" passed="5" failed="0" skipped="0">
  <reporter-output>
  </reporter-output>
  <suite started-at="2024-06-19T19:46:16 IST" name="Suite" finished-at="2024-06-19T19:46:59 IST" duration-ms="43005">
    <groups>
      <group name="ErrorHandling">
        <method signature="ErrorValidationsTest.LoginErrorValidation()[pri:0, instance:com.tests.ErrorValidationsTest@2fba3fc4]" name="LoginErrorValidation" class="com.tests.ErrorValidationsTest"/>
      </group> <!-- ErrorHandling -->
      <group name="Purchase">
        <method signature="SubmitOrderTest.submitOrder(java.util.HashMap)[pri:0, instance:com.tests.SubmitOrderTest@33f676f6]" name="submitOrder" class="com.tests.SubmitOrderTest"/>
      </group> <!-- Purchase -->
    </groups>
    <test started-at="2024-06-19T19:46:16 IST" name="Submit Order Test" finished-at="2024-06-19T19:46:43 IST" duration-ms="27305">
      <class name="com.tests.SubmitOrderTest">
        <test-method is-config="true" signature="launchApplication()[pri:0, instance:com.tests.SubmitOrderTest@33f676f6]" started-at="2024-06-19T19:46:16 IST" name="launchApplication" finished-at="2024-06-19T19:46:23 IST" duration-ms="6809" status="PASS">
          <reporter-output>
          </reporter-output>
        </test-method> <!-- launchApplication -->
        <test-method signature="submitOrder(java.util.HashMap)[pri:0, instance:com.tests.SubmitOrderTest@33f676f6]" started-at="2024-06-19T19:46:23 IST" name="submitOrder" data-provider="getData" finished-at="2024-06-19T19:46:26 IST" duration-ms="3485" status="PASS">
          <params>
            <param index="0">
              <value>
                <![CDATA[{password=Lynnmathew123@, product=ZARA COAT 3, email=namanmehra@gmail.com}]]>
              </value>
            </param>
          </params>
          <reporter-output>
          </reporter-output>
        </test-method> <!-- submitOrder -->
        <test-method is-config="true" signature="tearDown()[pri:0, instance:com.tests.SubmitOrderTest@33f676f6]" started-at="2024-06-19T19:46:26 IST" name="tearDown" finished-at="2024-06-19T19:46:27 IST" duration-ms="846" status="PASS">
          <reporter-output>
          </reporter-output>
        </test-method> <!-- tearDown -->
        <test-method is-config="true" signature="launchApplication()[pri:0, instance:com.tests.SubmitOrderTest@33f676f6]" started-at="2024-06-19T19:46:27 IST" name="launchApplication" finished-at="2024-06-19T19:46:32 IST" duration-ms="5385" status="PASS">
          <reporter-output>
          </reporter-output>
        </test-method> <!-- launchApplication -->
        <test-method signature="submitOrder(java.util.HashMap)[pri:0, instance:com.tests.SubmitOrderTest@33f676f6]" started-at="2024-06-19T19:46:32 IST" name="submitOrder" data-provider="getData" finished-at="2024-06-19T19:46:36 IST" duration-ms="3358" status="PASS">
          <params>
            <param index="0">
              <value>
                <![CDATA[{password=Lynnmathew123@, product=ADIDAS ORIGINAL, email=vishumehra@gmail.com}]]>
              </value>
            </param>
          </params>
          <reporter-output>
          </reporter-output>
        </test-method> <!-- submitOrder -->
        <test-method is-config="true" signature="tearDown()[pri:0, instance:com.tests.SubmitOrderTest@33f676f6]" started-at="2024-06-19T19:46:36 IST" name="tearDown" finished-at="2024-06-19T19:46:37 IST" duration-ms="916" status="PASS">
          <reporter-output>
          </reporter-output>
        </test-method> <!-- tearDown -->
        <test-method is-config="true" signature="launchApplication()[pri:0, instance:com.tests.SubmitOrderTest@33f676f6]" started-at="2024-06-19T19:46:37 IST" name="launchApplication" finished-at="2024-06-19T19:46:41 IST" duration-ms="4899" status="PASS">
          <reporter-output>
          </reporter-output>
        </test-method> <!-- launchApplication -->
        <test-method signature="OrderHistoryTest()[pri:0, instance:com.tests.SubmitOrderTest@33f676f6]" started-at="2024-06-19T19:46:41 IST" name="OrderHistoryTest" finished-at="2024-06-19T19:46:42 IST" depends-on-methods="com.tests.SubmitOrderTest.submitOrder" duration-ms="640" status="PASS">
          <reporter-output>
          </reporter-output>
        </test-method> <!-- OrderHistoryTest -->
        <test-method is-config="true" signature="tearDown()[pri:0, instance:com.tests.SubmitOrderTest@33f676f6]" started-at="2024-06-19T19:46:42 IST" name="tearDown" finished-at="2024-06-19T19:46:43 IST" duration-ms="774" status="PASS">
          <reporter-output>
          </reporter-output>
        </test-method> <!-- tearDown -->
      </class> <!-- com.tests.SubmitOrderTest -->
    </test> <!-- Submit Order Test -->
    <test started-at="2024-06-19T19:46:43 IST" name="Error Validations Test" finished-at="2024-06-19T19:46:59 IST" duration-ms="15417">
      <class name="com.tests.ErrorValidationsTest">
        <test-method is-config="true" signature="launchApplication()[pri:0, instance:com.tests.ErrorValidationsTest@2fba3fc4]" started-at="2024-06-19T19:46:43 IST" name="launchApplication" finished-at="2024-06-19T19:46:49 IST" duration-ms="5431" status="PASS">
          <reporter-output>
          </reporter-output>
        </test-method> <!-- launchApplication -->
        <test-method signature="LoginErrorValidation()[pri:0, instance:com.tests.ErrorValidationsTest@2fba3fc4]" started-at="2024-06-19T19:46:49 IST" name="LoginErrorValidation" finished-at="2024-06-19T19:46:49 IST" duration-ms="410" status="PASS">
          <reporter-output>
          </reporter-output>
        </test-method> <!-- LoginErrorValidation -->
        <test-method is-config="true" signature="tearDown()[pri:0, instance:com.tests.ErrorValidationsTest@2fba3fc4]" started-at="2024-06-19T19:46:49 IST" name="tearDown" finished-at="2024-06-19T19:46:50 IST" duration-ms="965" status="PASS">
          <reporter-output>
          </reporter-output>
        </test-method> <!-- tearDown -->
        <test-method is-config="true" signature="launchApplication()[pri:0, instance:com.tests.ErrorValidationsTest@2fba3fc4]" started-at="2024-06-19T19:46:50 IST" name="launchApplication" finished-at="2024-06-19T19:46:56 IST" duration-ms="5629" status="PASS">
          <reporter-output>
          </reporter-output>
        </test-method> <!-- launchApplication -->
        <test-method signature="ProductErrorValidation()[pri:0, instance:com.tests.ErrorValidationsTest@2fba3fc4]" started-at="2024-06-19T19:46:56 IST" name="ProductErrorValidation" finished-at="2024-06-19T19:46:58 IST" duration-ms="2055" status="PASS">
          <reporter-output>
          </reporter-output>
        </test-method> <!-- ProductErrorValidation -->
        <test-method is-config="true" signature="tearDown()[pri:0, instance:com.tests.ErrorValidationsTest@2fba3fc4]" started-at="2024-06-19T19:46:58 IST" name="tearDown" finished-at="2024-06-19T19:46:59 IST" duration-ms="919" status="PASS">
          <reporter-output>
          </reporter-output>
        </test-method> <!-- tearDown -->
      </class> <!-- com.tests.ErrorValidationsTest -->
    </test> <!-- Error Validations Test -->
  </suite> <!-- Suite -->
</testng-results>
