<?xml version="1.0" encoding="UTF-8"?>
<!-- Generated by org.testng.reporters.JUnitXMLReporter -->
<testsuite ignored="1" hostname="Naman" failures="0" tests="2" name="Submit Order Test" time="15.84" errors="0" timestamp="2024-06-21T20:02:11 IST">
  <testcase classname="com.tests.SubmitOrderTest" name="submitOrder" time="3.071"/>
  <testcase classname="com.tests.SubmitOrderTest" name="submitOrder" time="2.937"/>
  <testcase classname="com.tests.SubmitOrderTest" name="OrderHistoryTest" time="0.0">
    <ignored/>
  </testcase> <!-- OrderHistoryTest -->
</testsuite> <!-- Submit Order Test -->
